<?xml version="1.0" encoding="UTF-8"?>
<!-- Generated by org.testng.reporters.JUnitXMLReporter -->
<testsuite hostname="LAPTOP-MJBTG76S" ignored="0" name="Test" tests="4" failures="0" timestamp="19 Jul 2020 15:07:13 GMT" time="0.072" errors="0">
  <testcase name="testOne" time="0.018" classname="seleniumToJenkinsFlow.seleniumToJenkinsFlow.Sheetal1"/>
  <testcase name="testNine" time="0.004" classname="seleniumToJenkinsFlow.seleniumToJenkinsFlow.Sheetal5"/>
  <testcase name="testTwo" time="0.002" classname="seleniumToJenkinsFlow.seleniumToJenkinsFlow.Sheetal1"/>
  <testcase name="testTen" time="0.003" classname="seleniumToJenkinsFlow.seleniumToJenkinsFlow.Sheetal5"/>
</testsuite> <!-- Test -->
